<?xml version="1.0" encoding="UTF-8"?>
<robot generator="Robot 4.1.3 (Python 3.10.1 on win32)" generated="20220108 16:24:53.673" rpa="false" schemaversion="2">
<suite id="s1" name="Test" source="C:\Users\Pc\PycharmProjects\robotframework\Automation\test.robot">
<test id="s1-t1" name="Google">
<kw name="Open Browser" library="SeleniumLibrary">
<arg>https://www.google.com</arg>
<arg>chrome</arg>
<doc>Opens a new browser instance to the optional ``url``.</doc>
<msg timestamp="20220108 16:24:53.909" level="INFO">Opening browser 'chrome' to base url 'https://www.google.com'.</msg>
<status status="PASS" starttime="20220108 16:24:53.909" endtime="20220108 16:24:55.854"/>
</kw>
<kw name="Maximize Browser Window" library="SeleniumLibrary">
<doc>Maximizes current browser window.</doc>
<status status="PASS" starttime="20220108 16:24:55.854" endtime="20220108 16:24:55.975"/>
</kw>
<kw name="Sleep" library="BuiltIn">
<arg>10</arg>
<doc>Pauses the test executed for the given time.</doc>
<msg timestamp="20220108 16:25:05.979" level="INFO">Slept 10 seconds</msg>
<status status="PASS" starttime="20220108 16:24:55.976" endtime="20220108 16:25:05.980"/>
</kw>
<kw name="Close Browser" library="SeleniumLibrary">
<doc>Closes the current browser.</doc>
<status status="PASS" starttime="20220108 16:25:05.982" endtime="20220108 16:25:08.168"/>
</kw>
<status status="PASS" starttime="20220108 16:24:53.908" endtime="20220108 16:25:08.169"/>
</test>
<status status="PASS" starttime="20220108 16:24:53.673" endtime="20220108 16:25:08.171"/>
</suite>
<statistics>
<total>
<stat pass="1" fail="0" skip="0">All Tests</stat>
</total>
<tag>
</tag>
<suite>
<stat pass="1" fail="0" skip="0" id="s1" name="Test">Test</stat>
</suite>
</statistics>
<errors>
</errors>
</robot>
