<?xml version="1.0" encoding="UTF-8"?>
<robot generator="Robot 4.1.3 (Python 3.10.1 on win32)" generated="20220109 16:31:51.893" rpa="false" schemaversion="2">
<suite id="s1" name="Amazon" source="C:\Users\Pc\PycharmProjects\robotframework\Automation\amazon.robot">
<test id="s1-t1" name="Amazon">
<kw name="Open Browser" library="SeleniumLibrary">
<arg>https://www.amazon.com/</arg>
<arg>ff</arg>
<doc>Opens a new browser instance to the optional ``url``.</doc>
<msg timestamp="20220109 16:31:52.157" level="INFO">Opening browser 'ff' to base url 'https://www.amazon.com/'.</msg>
<msg timestamp="20220109 16:31:52.158" level="INFO">Firefox driver log is always forced to to: C:\Users\Pc\PycharmProjects\robotframework\geckodriver-5.log</msg>
<status status="PASS" starttime="20220109 16:31:52.157" endtime="20220109 16:32:01.245"/>
</kw>
<kw name="Maximize Browser Window" library="SeleniumLibrary">
<doc>Maximizes current browser window.</doc>
<status status="PASS" starttime="20220109 16:32:01.246" endtime="20220109 16:32:01.521"/>
</kw>
<kw name="Input Text" library="SeleniumLibrary">
<arg>id:twotabsearchtextbox</arg>
<arg>smartwatches</arg>
<doc>Types the given ``text`` into the text field identified by ``locator``.</doc>
<msg timestamp="20220109 16:32:01.523" level="INFO">Typing text 'smartwatches' into text field 'id:twotabsearchtextbox'.</msg>
<status status="PASS" starttime="20220109 16:32:01.522" endtime="20220109 16:32:01.686"/>
</kw>
<kw name="Click Button" library="SeleniumLibrary">
<arg>id:nav-search-submit-button</arg>
<doc>Clicks the button identified by ``locator``.</doc>
<msg timestamp="20220109 16:32:01.688" level="INFO">Clicking button 'id:nav-search-submit-button'.</msg>
<status status="PASS" starttime="20220109 16:32:01.687" endtime="20220109 16:32:04.235"/>
</kw>
<kw name="Input Text" library="SeleniumLibrary">
<arg>id:twotabsearchtextbox</arg>
<arg>headsets</arg>
<arg>true</arg>
<doc>Types the given ``text`` into the text field identified by ``locator``.</doc>
<msg timestamp="20220109 16:32:04.238" level="INFO">Typing text 'headsets' into text field 'id:twotabsearchtextbox'.</msg>
<status status="PASS" starttime="20220109 16:32:04.237" endtime="20220109 16:32:04.449"/>
</kw>
<kw name="Get List Items" library="SeleniumLibrary">
<arg>xpath://*[@id="nav-flyout-searchAjax"]</arg>
<doc>Returns all labels or values of selection list ``locator``.</doc>
<kw name="Capture Page Screenshot" library="SeleniumLibrary">
<doc>Takes a screenshot of the current page and embeds it into a log file.</doc>
<msg timestamp="20220109 16:32:04.758" level="INFO" html="true">&lt;/td&gt;&lt;/tr&gt;&lt;tr&gt;&lt;td colspan="3"&gt;&lt;a href="selenium-screenshot-22.png"&gt;&lt;img src="selenium-screenshot-22.png" width="800px"&gt;&lt;/a&gt;</msg>
<status status="PASS" starttime="20220109 16:32:04.467" endtime="20220109 16:32:04.758"/>
</kw>
<msg timestamp="20220109 16:32:04.764" level="FAIL">List with locator 'xpath://*[@id="nav-flyout-searchAjax"]' not found.</msg>
<status status="FAIL" starttime="20220109 16:32:04.450" endtime="20220109 16:32:04.764"/>
</kw>
<status status="FAIL" starttime="20220109 16:31:52.156" endtime="20220109 16:32:04.765">List with locator 'xpath://*[@id="nav-flyout-searchAjax"]' not found.</status>
</test>
<status status="FAIL" starttime="20220109 16:31:51.895" endtime="20220109 16:32:04.769"/>
</suite>
<statistics>
<total>
<stat pass="0" fail="1" skip="0">All Tests</stat>
</total>
<tag>
</tag>
<suite>
<stat pass="0" fail="1" skip="0" id="s1" name="Amazon">Amazon</stat>
</suite>
</statistics>
<errors>
</errors>
</robot>
